
[INFO]    Initializing Lemon...

[INFO]    511
[INFO]    0x412003
[INFO]    0x100c4
[INFO]    0xffffffffc0000000
[INFO]    0xffffffffc0001000
[INFO]    0xffffffffc0002000
[INFO]    0xffffffffc0003000
[INFO]    test
[INFO]    test
[INFO]    test
[INFO]    aaa
[INFO]    Initializing System Timer...OK
[INFO]    Initializing PCI...OK
[INFO]    Initializing ACPI...OK
[INFO]    Video Resolution:
[INFO]    1024x768x32
[INFO]    RAM: 255MB
[INFO]    Multiboot Module Count: 
[INFO]    1
[INFO]    Initializing Ramdisk...
[INFO]    Initrd address: 
[INFO]    0xffffffff8012ef40
[INFO]    Size:
[INFO]    2962720
[INFO]    File Count:
[INFO]    10files
OK
[INFO]    Ramdisk Contents:
    dev

[INFO]    0xa    bg.bmp

[INFO]    0xa    banner.bmp

[INFO]    0xa    binico.bmp

[INFO]    0xa    close.bmp

[INFO]    0xa    fileico.bmp

[INFO]    0xa    folderico.bmp

[INFO]    0xa    progressbar.bmp

[INFO]    0xa    splash.bmp

[INFO]    0xa    init.lef

[INFO]    0xa    snake.lef

[INFO]    0xa
[INFO]    Initializing HID...
[INFO]    OK
[INFO]    Registering Syscall Handler...OK
[INFO]    Initializing Task Scheduler...
[INFO]    0x208d000OK
[INFO]    Loading Init Process...
[INFO]    0xa
[INFO]    0x2116000
[INFO]    0x4000c0 entryOK
[INFO]    0xa
[INFO]    0x24db000
[INFO]    0x4000c0 entry
[INFO]    Opening: /dev/mouse0